<?xml version="1.0" encoding="UTF-8"?>
<testng-results skipped="0" failed="0" ignored="0" total="1" passed="1">
  <reporter-output>
  </reporter-output>
  <suite name="Suite1" duration-ms="77567" started-at="2019-02-12T19:27:38Z" finished-at="2019-02-12T19:28:56Z">
    <groups>
    </groups>
    <test name="http://testng.org/testng-1.0.dtd" duration-ms="77567" started-at="2019-02-12T19:27:38Z" finished-at="2019-02-12T19:28:56Z">
      <class name="TestRegresionMaven3.TestRegresionMaven3.Regresion">
        <test-method status="PASS" signature="setUp()[pri:0, instance:TestRegresionMaven3.TestRegresionMaven3.Regresion@1936f0f5]" name="setUp" is-config="true" duration-ms="510" started-at="2019-02-12T19:27:38Z" finished-at="2019-02-12T19:27:38Z">
          <reporter-output>
          </reporter-output>
        </test-method> <!-- setUp -->
        <test-method status="PASS" signature="regresion()[pri:0, instance:TestRegresionMaven3.TestRegresionMaven3.Regresion@1936f0f5]" name="regresion" duration-ms="76038" started-at="2019-02-12T19:27:39Z" finished-at="2019-02-12T19:28:55Z">
          <reporter-output>
          </reporter-output>
        </test-method> <!-- regresion -->
        <test-method status="PASS" signature="thearDown()[pri:0, instance:TestRegresionMaven3.TestRegresionMaven3.Regresion@1936f0f5]" name="thearDown" is-config="true" duration-ms="977" started-at="2019-02-12T19:28:55Z" finished-at="2019-02-12T19:28:56Z">
          <reporter-output>
          </reporter-output>
        </test-method> <!-- thearDown -->
      </class> <!-- TestRegresionMaven3.TestRegresionMaven3.Regresion -->
    </test> <!-- http://testng.org/testng-1.0.dtd -->
  </suite> <!-- Suite1 -->
</testng-results>
